<?xml version="1.0" encoding="UTF-8"?>
<testsuite xmlns:xsi="http://www.w3.org/2001/XMLSchema-instance" xsi:noNamespaceSchemaLocation="https://maven.apache.org/surefire/maven-surefire-plugin/xsd/surefire-test-report-3.0.xsd" version="3.0" name="pagination.sort.SortApplicationTests" time="7.067" tests="1" errors="0" skipped="0" failures="0">
  <properties>
[...]
</properties>
  <testcase name="contextLoads" classname="pagination.sort.SortApplicationTests" time="0.706">
    <system-out><![CDATA[13:49:48.168 [main] INFO org.springframework.test.context.support.AnnotationConfigContextLoaderUtils -- Could not detect default configuration classes for test class [pagination.sort.SortApplicationTests]: SortApplicationTests does not declare any static, non-private, non-final, nested classes annotated with @Configuration.
13:49:48.307 [main] INFO org.springframework.boot.test.context.SpringBootTestContextBootstrapper -- Found @SpringBootConfiguration pagination.sort.SortApplication for test class pagination.sort.SortApplicationTests
13:49:48.511 [main] INFO org.springframework.boot.devtools.restart.RestartApplicationListener -- Restart disabled due to context in which it is running

  .   ____          _            __ _ _
 /\\ / ___'_ __ _ _(_)_ __  __ _ \ \ \ \
( ( )\___ | '_ | '_| | '_ \/ _` | \ \ \ \
 \\/  ___)| |_)| | | | | || (_| |  ) ) ) )
  '  |____| .__|_| |_|_| |_\__, | / / / /
 =========|_|==============|___/=/_/_/_/

 :: Spring Boot ::                (v3.3.9)

2025-03-07T13:49:48.938Z  INFO 26230 --- [           main] pagination.sort.SortApplicationTests     : Starting SortApplicationTests using Java 17.0.14 with PID 26230 (started by ubuntu in /home/ubuntu/java/AmazonQTransform/Registration-FullStack-Springboot_java17)
2025-03-07T13:49:48.940Z  INFO 26230 --- [           main] pagination.sort.SortApplicationTests     : No active profile set, falling back to 1 default profile: "default"
2025-03-07T13:49:50.140Z  INFO 26230 --- [           main] .s.d.r.c.RepositoryConfigurationDelegate : Bootstrapping Spring Data JPA repositories in DEFAULT mode.
2025-03-07T13:49:50.213Z  INFO 26230 --- [           main] .s.d.r.c.RepositoryConfigurationDelegate : Finished Spring Data repository scanning in 64 ms. Found 1 JPA repository interface.
2025-03-07T13:49:50.846Z  INFO 26230 --- [           main] o.hibernate.jpa.internal.util.LogHelper  : HHH000204: Processing PersistenceUnitInfo [name: default]
2025-03-07T13:49:50.908Z  INFO 26230 --- [           main] org.hibernate.Version                    : HHH000412: Hibernate ORM core version 6.5.3.Final
2025-03-07T13:49:50.950Z  INFO 26230 --- [           main] o.h.c.internal.RegionFactoryInitiator    : HHH000026: Second-level cache disabled
2025-03-07T13:49:51.049Z DEBUG 26230 --- [           main] org.hibernate.type.BasicTypeRegistry     : Adding type registration boolean -> org.hibernate.type.BasicTypeReference@739265f1
2025-03-07T13:49:51.050Z DEBUG 26230 --- [           main] org.hibernate.type.BasicTypeRegistry     : Adding type registration boolean -> org.hibernate.type.BasicTypeReference@739265f1
2025-03-07T13:49:51.051Z DEBUG 26230 --- [           main] org.hibernate.type.BasicTypeRegistry     : Adding type registration java.lang.Boolean -> org.hibernate.type.BasicTypeReference@739265f1
2025-03-07T13:49:51.051Z DEBUG 26230 --- [           main] org.hibernate.type.BasicTypeRegistry     : Adding type registration numeric_boolean -> org.hibernate.type.BasicTypeReference@58eac00e
2025-03-07T13:49:51.051Z DEBUG 26230 --- [           main] org.hibernate.type.BasicTypeRegistry     : Adding type registration org.hibernate.type.NumericBooleanConverter -> org.hibernate.type.BasicTypeReference@58eac00e
2025-03-07T13:49:51.051Z DEBUG 26230 --- [           main] org.hibernate.type.BasicTypeRegistry     : Adding type registration true_false -> org.hibernate.type.BasicTypeReference@6acffb2d
2025-03-07T13:49:51.051Z DEBUG 26230 --- [           main] org.hibernate.type.BasicTypeRegistry     : Adding type registration org.hibernate.type.TrueFalseConverter -> org.hibernate.type.BasicTypeReference@6acffb2d
2025-03-07T13:49:51.052Z DEBUG 26230 --- [           main] org.hibernate.type.BasicTypeRegistry     : Adding type registration yes_no -> org.hibernate.type.BasicTypeReference@61149fa5
2025-03-07T13:49:51.052Z DEBUG 26230 --- [           main] org.hibernate.type.BasicTypeRegistry     : Adding type registration org.hibernate.type.YesNoConverter -> org.hibernate.type.BasicTypeReference@61149fa5
2025-03-07T13:49:51.053Z DEBUG 26230 --- [           main] org.hibernate.type.BasicTypeRegistry     : Adding type registration byte -> org.hibernate.type.BasicTypeReference@149c39b
2025-03-07T13:49:51.054Z DEBUG 26230 --- [           main] org.hibernate.type.BasicTypeRegistry     : Adding type registration byte -> org.hibernate.type.BasicTypeReference@149c39b
2025-03-07T13:49:51.054Z DEBUG 26230 --- [           main] org.hibernate.type.BasicTypeRegistry     : Adding type registration java.lang.Byte -> org.hibernate.type.BasicTypeReference@149c39b
2025-03-07T13:49:51.055Z DEBUG 26230 --- [           main] org.hibernate.type.BasicTypeRegistry     : Adding type registration binary -> org.hibernate.type.BasicTypeReference@f2d890c
2025-03-07T13:49:51.056Z DEBUG 26230 --- [           main] org.hibernate.type.BasicTypeRegistry     : Adding type registration byte[] -> org.hibernate.type.BasicTypeReference@f2d890c
2025-03-07T13:49:51.056Z DEBUG 26230 --- [           main] org.hibernate.type.BasicTypeRegistry     : Adding type registration [B -> org.hibernate.type.BasicTypeReference@f2d890c
2025-03-07T13:49:51.056Z DEBUG 26230 --- [           main] org.hibernate.type.BasicTypeRegistry     : Adding type registration binary_wrapper -> org.hibernate.type.BasicTypeReference@10980560
2025-03-07T13:49:51.056Z DEBUG 26230 --- [           main] org.hibernate.type.BasicTypeRegistry     : Adding type registration wrapper-binary -> org.hibernate.type.BasicTypeReference@10980560
2025-03-07T13:49:51.056Z DEBUG 26230 --- [           main] org.hibernate.type.BasicTypeRegistry     : Adding type registration image -> org.hibernate.type.BasicTypeReference@739e8b96
2025-03-07T13:49:51.057Z DEBUG 26230 --- [           main] org.hibernate.type.BasicTypeRegistry     : Adding type registration blob -> org.hibernate.type.BasicTypeReference@19b07407
2025-03-07T13:49:51.057Z DEBUG 26230 --- [           main] org.hibernate.type.BasicTypeRegistry     : Adding type registration java.sql.Blob -> org.hibernate.type.BasicTypeReference@19b07407
2025-03-07T13:49:51.057Z DEBUG 26230 --- [           main] org.hibernate.type.BasicTypeRegistry     : Adding type registration materialized_blob -> org.hibernate.type.BasicTypeReference@54ffa561
2025-03-07T13:49:51.057Z DEBUG 26230 --- [           main] org.hibernate.type.BasicTypeRegistry     : Adding type registration materialized_blob_wrapper -> org.hibernate.type.BasicTypeReference@49c099b
2025-03-07T13:49:51.057Z DEBUG 26230 --- [           main] org.hibernate.type.BasicTypeRegistry     : Adding type registration short -> org.hibernate.type.BasicTypeReference@3d9f0a5
2025-03-07T13:49:51.057Z DEBUG 26230 --- [           main] org.hibernate.type.BasicTypeRegistry     : Adding type registration short -> org.hibernate.type.BasicTypeReference@3d9f0a5
2025-03-07T13:49:51.058Z DEBUG 26230 --- [           main] org.hibernate.type.BasicTypeRegistry     : Adding type registration java.lang.Short -> org.hibernate.type.BasicTypeReference@3d9f0a5
2025-03-07T13:49:51.059Z DEBUG 26230 --- [           main] org.hibernate.type.BasicTypeRegistry     : Adding type registration integer -> org.hibernate.type.BasicTypeReference@1953bc95
2025-03-07T13:49:51.059Z DEBUG 26230 --- [           main] org.hibernate.type.BasicTypeRegistry     : Adding type registration int -> org.hibernate.type.BasicTypeReference@1953bc95
2025-03-07T13:49:51.059Z DEBUG 26230 --- [           main] org.hibernate.type.BasicTypeRegistry     : Adding type registration java.lang.Integer -> org.hibernate.type.BasicTypeReference@1953bc95
2025-03-07T13:49:51.059Z DEBUG 26230 --- [           main] org.hibernate.type.BasicTypeRegistry     : Adding type registration long -> org.hibernate.type.BasicTypeReference@30aec673
2025-03-07T13:49:51.060Z DEBUG 26230 --- [           main] org.hibernate.type.BasicTypeRegistry     : Adding type registration long -> org.hibernate.type.BasicTypeReference@30aec673
2025-03-07T13:49:51.060Z DEBUG 26230 --- [           main] org.hibernate.type.BasicTypeRegistry     : Adding type registration java.lang.Long -> org.hibernate.type.BasicTypeReference@30aec673
2025-03-07T13:49:51.060Z DEBUG 26230 --- [           main] org.hibernate.type.BasicTypeRegistry     : Adding type registration float -> org.hibernate.type.BasicTypeReference@549ac12c
2025-03-07T13:49:51.060Z DEBUG 26230 --- [           main] org.hibernate.type.BasicTypeRegistry     : Adding type registration float -> org.hibernate.type.BasicTypeReference@549ac12c
2025-03-07T13:49:51.060Z DEBUG 26230 --- [           main] org.hibernate.type.BasicTypeRegistry     : Adding type registration java.lang.Float -> org.hibernate.type.BasicTypeReference@549ac12c
2025-03-07T13:49:51.061Z DEBUG 26230 --- [           main] org.hibernate.type.BasicTypeRegistry     : Adding type registration double -> org.hibernate.type.BasicTypeReference@188a5fc2
2025-03-07T13:49:51.061Z DEBUG 26230 --- [           main] org.hibernate.type.BasicTypeRegistry     : Adding type registration double -> org.hibernate.type.BasicTypeReference@188a5fc2
2025-03-07T13:49:51.061Z DEBUG 26230 --- [           main] org.hibernate.type.BasicTypeRegistry     : Adding type registration java.lang.Double -> org.hibernate.type.BasicTypeReference@188a5fc2
2025-03-07T13:49:51.061Z DEBUG 26230 --- [           main] org.hibernate.type.BasicTypeRegistry     : Adding type registration big_integer -> org.hibernate.type.BasicTypeReference@1cb9ef52
2025-03-07T13:49:51.062Z DEBUG 26230 --- [           main] org.hibernate.type.BasicTypeRegistry     : Adding type registration java.math.BigInteger -> org.hibernate.type.BasicTypeReference@1cb9ef52
2025-03-07T13:49:51.062Z DEBUG 26230 --- [           main] org.hibernate.type.BasicTypeRegistry     : Adding type registration big_decimal -> org.hibernate.type.BasicTypeReference@5a622fe8
2025-03-07T13:49:51.062Z DEBUG 26230 --- [           main] org.hibernate.type.BasicTypeRegistry     : Adding type registration java.math.BigDecimal -> org.hibernate.type.BasicTypeReference@5a622fe8
2025-03-07T13:49:51.062Z DEBUG 26230 --- [           main] org.hibernate.type.BasicTypeRegistry     : Adding type registration character -> org.hibernate.type.BasicTypeReference@58f31629
2025-03-07T13:49:51.063Z DEBUG 26230 --- [           main] org.hibernate.type.BasicTypeRegistry     : Adding type registration char -> org.hibernate.type.BasicTypeReference@58f31629
2025-03-07T13:49:51.063Z DEBUG 26230 --- [           main] org.hibernate.type.BasicTypeRegistry     : Adding type registration java.lang.Character -> org.hibernate.type.BasicTypeReference@58f31629
2025-03-07T13:49:51.063Z DEBUG 26230 --- [           main] org.hibernate.type.BasicTypeRegistry     : Adding type registration character_nchar -> org.hibernate.type.BasicTypeReference@124d26ba
2025-03-07T13:49:51.063Z DEBUG 26230 --- [           main] org.hibernate.type.BasicTypeRegistry     : Adding type registration string -> org.hibernate.type.BasicTypeReference@415d88de
2025-03-07T13:49:51.063Z DEBUG 26230 --- [           main] org.hibernate.type.BasicTypeRegistry     : Adding type registration java.lang.String -> org.hibernate.type.BasicTypeReference@415d88de
2025-03-07T13:49:51.064Z DEBUG 26230 --- [           main] org.hibernate.type.BasicTypeRegistry     : Adding type registration nstring -> org.hibernate.type.BasicTypeReference@a0bf272
2025-03-07T13:49:51.064Z DEBUG 26230 --- [           main] org.hibernate.type.BasicTypeRegistry     : Adding type registration characters -> org.hibernate.type.BasicTypeReference@4a89ef44
2025-03-07T13:49:51.064Z DEBUG 26230 --- [           main] org.hibernate.type.BasicTypeRegistry     : Adding type registration char[] -> org.hibernate.type.BasicTypeReference@4a89ef44
2025-03-07T13:49:51.064Z DEBUG 26230 --- [           main] org.hibernate.type.BasicTypeRegistry     : Adding type registration [C -> org.hibernate.type.BasicTypeReference@4a89ef44
2025-03-07T13:49:51.064Z DEBUG 26230 --- [           main] org.hibernate.type.BasicTypeRegistry     : Adding type registration wrapper-characters -> org.hibernate.type.BasicTypeReference@310a7859
2025-03-07T13:49:51.065Z DEBUG 26230 --- [           main] org.hibernate.type.BasicTypeRegistry     : Adding type registration text -> org.hibernate.type.BasicTypeReference@1cbc1dde
2025-03-07T13:49:51.065Z DEBUG 26230 --- [           main] org.hibernate.type.BasicTypeRegistry     : Adding type registration ntext -> org.hibernate.type.BasicTypeReference@4971f459
2025-03-07T13:49:51.065Z DEBUG 26230 --- [           main] org.hibernate.type.BasicTypeRegistry     : Adding type registration clob -> org.hibernate.type.BasicTypeReference@4c07d1fc
2025-03-07T13:49:51.065Z DEBUG 26230 --- [           main] org.hibernate.type.BasicTypeRegistry     : Adding type registration java.sql.Clob -> org.hibernate.type.BasicTypeReference@4c07d1fc
2025-03-07T13:49:51.065Z DEBUG 26230 --- [           main] org.hibernate.type.BasicTypeRegistry     : Adding type registration nclob -> org.hibernate.type.BasicTypeReference@2eada095
2025-03-07T13:49:51.066Z DEBUG 26230 --- [           main] org.hibernate.type.BasicTypeRegistry     : Adding type registration java.sql.NClob -> org.hibernate.type.BasicTypeReference@2eada095
2025-03-07T13:49:51.066Z DEBUG 26230 --- [           main] org.hibernate.type.BasicTypeRegistry     : Adding type registration materialized_clob -> org.hibernate.type.BasicTypeReference@52831a73
2025-03-07T13:49:51.066Z DEBUG 26230 --- [           main] org.hibernate.type.BasicTypeRegistry     : Adding type registration materialized_clob_char_array -> org.hibernate.type.BasicTypeReference@1416ff46
2025-03-07T13:49:51.066Z DEBUG 26230 --- [           main] org.hibernate.type.BasicTypeRegistry     : Adding type registration materialized_clob_character_array -> org.hibernate.type.BasicTypeReference@66ec4409
2025-03-07T13:49:51.067Z DEBUG 26230 --- [           main] org.hibernate.type.BasicTypeRegistry     : Adding type registration materialized_nclob -> org.hibernate.type.BasicTypeReference@2506e949
2025-03-07T13:49:51.067Z DEBUG 26230 --- [           main] org.hibernate.type.BasicTypeRegistry     : Adding type registration materialized_nclob_character_array -> org.hibernate.type.BasicTypeReference@6f1c3f18
2025-03-07T13:49:51.067Z DEBUG 26230 --- [           main] org.hibernate.type.BasicTypeRegistry     : Adding type registration materialized_nclob_char_array -> org.hibernate.type.BasicTypeReference@4c531172
2025-03-07T13:49:51.067Z DEBUG 26230 --- [           main] org.hibernate.type.BasicTypeRegistry     : Adding type registration Duration -> org.hibernate.type.BasicTypeReference@489bc8fd
2025-03-07T13:49:51.067Z DEBUG 26230 --- [           main] org.hibernate.type.BasicTypeRegistry     : Adding type registration java.time.Duration -> org.hibernate.type.BasicTypeReference@489bc8fd
2025-03-07T13:49:51.068Z DEBUG 26230 --- [           main] org.hibernate.type.BasicTypeRegistry     : Adding type registration LocalDateTime -> org.hibernate.type.BasicTypeReference@5ac53c06
2025-03-07T13:49:51.068Z DEBUG 26230 --- [           main] org.hibernate.type.BasicTypeRegistry     : Adding type registration java.time.LocalDateTime -> org.hibernate.type.BasicTypeReference@5ac53c06
2025-03-07T13:49:51.068Z DEBUG 26230 --- [           main] org.hibernate.type.BasicTypeRegistry     : Adding type registration LocalDate -> org.hibernate.type.BasicTypeReference@54af3cb9
2025-03-07T13:49:51.068Z DEBUG 26230 --- [           main] org.hibernate.type.BasicTypeRegistry     : Adding type registration java.time.LocalDate -> org.hibernate.type.BasicTypeReference@54af3cb9
2025-03-07T13:49:51.068Z DEBUG 26230 --- [           main] org.hibernate.type.BasicTypeRegistry     : Adding type registration LocalTime -> org.hibernate.type.BasicTypeReference@236fdf
2025-03-07T13:49:51.068Z DEBUG 26230 --- [           main] org.hibernate.type.BasicTypeRegistry     : Adding type registration java.time.LocalTime -> org.hibernate.type.BasicTypeReference@236fdf
2025-03-07T13:49:51.075Z DEBUG 26230 --- [           main] org.hibernate.type.BasicTypeRegistry     : Adding type registration OffsetDateTime -> org.hibernate.type.BasicTypeReference@16e99306
2025-03-07T13:49:51.075Z DEBUG 26230 --- [           main] org.hibernate.type.BasicTypeRegistry     : Adding type registration java.time.OffsetDateTime -> org.hibernate.type.BasicTypeReference@16e99306
2025-03-07T13:49:51.075Z DEBUG 26230 --- [           main] org.hibernate.type.BasicTypeRegistry     : Adding type registration OffsetDateTimeWithTimezone -> org.hibernate.type.BasicTypeReference@653fb8d1
2025-03-07T13:49:51.075Z DEBUG 26230 --- [           main] org.hibernate.type.BasicTypeRegistry     : Adding type registration OffsetDateTimeWithoutTimezone -> org.hibernate.type.BasicTypeReference@48581a3b
2025-03-07T13:49:51.075Z DEBUG 26230 --- [           main] org.hibernate.type.BasicTypeRegistry     : Adding type registration OffsetTime -> org.hibernate.type.BasicTypeReference@531ec978
2025-03-07T13:49:51.076Z DEBUG 26230 --- [           main] org.hibernate.type.BasicTypeRegistry     : Adding type registration java.time.OffsetTime -> org.hibernate.type.BasicTypeReference@531ec978
2025-03-07T13:49:51.076Z DEBUG 26230 --- [           main] org.hibernate.type.BasicTypeRegistry     : Adding type registration OffsetTimeUtc -> org.hibernate.type.BasicTypeReference@93501be
2025-03-07T13:49:51.076Z DEBUG 26230 --- [           main] org.hibernate.type.BasicTypeRegistry     : Adding type registration OffsetTimeWithTimezone -> org.hibernate.type.BasicTypeReference@11d4d979
2025-03-07T13:49:51.076Z DEBUG 26230 --- [           main] org.hibernate.type.BasicTypeRegistry     : Adding type registration OffsetTimeWithoutTimezone -> org.hibernate.type.BasicTypeReference@195580ba
2025-03-07T13:49:51.076Z DEBUG 26230 --- [           main] org.hibernate.type.BasicTypeRegistry     : Adding type registration ZonedDateTime -> org.hibernate.type.BasicTypeReference@3c25cfe1
2025-03-07T13:49:51.076Z DEBUG 26230 --- [           main] org.hibernate.type.BasicTypeRegistry     : Adding type registration java.time.ZonedDateTime -> org.hibernate.type.BasicTypeReference@3c25cfe1
2025-03-07T13:49:51.080Z DEBUG 26230 --- [           main] org.hibernate.type.BasicTypeRegistry     : Adding type registration ZonedDateTimeWithTimezone -> org.hibernate.type.BasicTypeReference@1d3c112a
2025-03-07T13:49:51.080Z DEBUG 26230 --- [           main] org.hibernate.type.BasicTypeRegistry     : Adding type registration ZonedDateTimeWithoutTimezone -> org.hibernate.type.BasicTypeReference@2a140ce5
2025-03-07T13:49:51.082Z DEBUG 26230 --- [           main] org.hibernate.type.BasicTypeRegistry     : Adding type registration date -> org.hibernate.type.BasicTypeReference@1f71194d
2025-03-07T13:49:51.082Z DEBUG 26230 --- [           main] org.hibernate.type.BasicTypeRegistry     : Adding type registration java.sql.Date -> org.hibernate.type.BasicTypeReference@1f71194d
2025-03-07T13:49:51.082Z DEBUG 26230 --- [           main] org.hibernate.type.BasicTypeRegistry     : Adding type registration time -> org.hibernate.type.BasicTypeReference@db99785
2025-03-07T13:49:51.082Z DEBUG 26230 --- [           main] org.hibernate.type.BasicTypeRegistry     : Adding type registration java.sql.Time -> org.hibernate.type.BasicTypeReference@db99785
2025-03-07T13:49:51.083Z DEBUG 26230 --- [           main] org.hibernate.type.BasicTypeRegistry     : Adding type registration timestamp -> org.hibernate.type.BasicTypeReference@70716259
2025-03-07T13:49:51.083Z DEBUG 26230 --- [           main] org.hibernate.type.BasicTypeRegistry     : Adding type registration java.sql.Timestamp -> org.hibernate.type.BasicTypeReference@70716259
2025-03-07T13:49:51.083Z DEBUG 26230 --- [           main] org.hibernate.type.BasicTypeRegistry     : Adding type registration java.util.Date -> org.hibernate.type.BasicTypeReference@70716259
2025-03-07T13:49:51.083Z DEBUG 26230 --- [           main] org.hibernate.type.BasicTypeRegistry     : Adding type registration calendar -> org.hibernate.type.BasicTypeReference@7a083b96
2025-03-07T13:49:51.083Z DEBUG 26230 --- [           main] org.hibernate.type.BasicTypeRegistry     : Adding type registration java.util.Calendar -> org.hibernate.type.BasicTypeReference@7a083b96
2025-03-07T13:49:51.083Z DEBUG 26230 --- [           main] org.hibernate.type.BasicTypeRegistry     : Adding type registration java.util.GregorianCalendar -> org.hibernate.type.BasicTypeReference@7a083b96
2025-03-07T13:49:51.089Z DEBUG 26230 --- [           main] org.hibernate.type.BasicTypeRegistry     : Adding type registration calendar_date -> org.hibernate.type.BasicTypeReference@6da4feeb
2025-03-07T13:49:51.089Z DEBUG 26230 --- [           main] org.hibernate.type.BasicTypeRegistry     : Adding type registration calendar_time -> org.hibernate.type.BasicTypeReference@2c604965
2025-03-07T13:49:51.089Z DEBUG 26230 --- [           main] org.hibernate.type.BasicTypeRegistry     : Adding type registration instant -> org.hibernate.type.BasicTypeReference@57f8951a
2025-03-07T13:49:51.089Z DEBUG 26230 --- [           main] org.hibernate.type.BasicTypeRegistry     : Adding type registration java.time.Instant -> org.hibernate.type.BasicTypeReference@57f8951a
2025-03-07T13:49:51.089Z DEBUG 26230 --- [           main] org.hibernate.type.BasicTypeRegistry     : Adding type registration uuid -> org.hibernate.type.BasicTypeReference@6c17c0f8
2025-03-07T13:49:51.090Z DEBUG 26230 --- [           main] org.hibernate.type.BasicTypeRegistry     : Adding type registration java.util.UUID -> org.hibernate.type.BasicTypeReference@6c17c0f8
2025-03-07T13:49:51.091Z DEBUG 26230 --- [           main] org.hibernate.type.BasicTypeRegistry     : Adding type registration pg-uuid -> org.hibernate.type.BasicTypeReference@6c17c0f8
2025-03-07T13:49:51.091Z DEBUG 26230 --- [           main] org.hibernate.type.BasicTypeRegistry     : Adding type registration uuid-binary -> org.hibernate.type.BasicTypeReference@260e3837
2025-03-07T13:49:51.091Z DEBUG 26230 --- [           main] org.hibernate.type.BasicTypeRegistry     : Adding type registration uuid-char -> org.hibernate.type.BasicTypeReference@88b76f2
2025-03-07T13:49:51.091Z DEBUG 26230 --- [           main] org.hibernate.type.BasicTypeRegistry     : Adding type registration class -> org.hibernate.type.BasicTypeReference@1b4872bc
2025-03-07T13:49:51.091Z DEBUG 26230 --- [           main] org.hibernate.type.BasicTypeRegistry     : Adding type registration java.lang.Class -> org.hibernate.type.BasicTypeReference@1b4872bc
2025-03-07T13:49:51.091Z DEBUG 26230 --- [           main] org.hibernate.type.BasicTypeRegistry     : Adding type registration currency -> org.hibernate.type.BasicTypeReference@498a612d
2025-03-07T13:49:51.095Z DEBUG 26230 --- [           main] org.hibernate.type.BasicTypeRegistry     : Adding type registration Currency -> org.hibernate.type.BasicTypeReference@498a612d
2025-03-07T13:49:51.095Z DEBUG 26230 --- [           main] org.hibernate.type.BasicTypeRegistry     : Adding type registration java.util.Currency -> org.hibernate.type.BasicTypeReference@498a612d
2025-03-07T13:49:51.095Z DEBUG 26230 --- [           main] org.hibernate.type.BasicTypeRegistry     : Adding type registration locale -> org.hibernate.type.BasicTypeReference@1e1237ab
2025-03-07T13:49:51.095Z DEBUG 26230 --- [           main] org.hibernate.type.BasicTypeRegistry     : Adding type registration java.util.Locale -> org.hibernate.type.BasicTypeReference@1e1237ab
2025-03-07T13:49:51.095Z DEBUG 26230 --- [           main] org.hibernate.type.BasicTypeRegistry     : Adding type registration serializable -> org.hibernate.type.BasicTypeReference@4dfdfe7d
2025-03-07T13:49:51.095Z DEBUG 26230 --- [           main] org.hibernate.type.BasicTypeRegistry     : Adding type registration java.io.Serializable -> org.hibernate.type.BasicTypeReference@4dfdfe7d
2025-03-07T13:49:51.096Z DEBUG 26230 --- [           main] org.hibernate.type.BasicTypeRegistry     : Adding type registration timezone -> org.hibernate.type.BasicTypeReference@1578b8ec
2025-03-07T13:49:51.096Z DEBUG 26230 --- [           main] org.hibernate.type.BasicTypeRegistry     : Adding type registration java.util.TimeZone -> org.hibernate.type.BasicTypeReference@1578b8ec
2025-03-07T13:49:51.096Z DEBUG 26230 --- [           main] org.hibernate.type.BasicTypeRegistry     : Adding type registration ZoneOffset -> org.hibernate.type.BasicTypeReference@f613067
2025-03-07T13:49:51.096Z DEBUG 26230 --- [           main] org.hibernate.type.BasicTypeRegistry     : Adding type registration java.time.ZoneOffset -> org.hibernate.type.BasicTypeReference@f613067
2025-03-07T13:49:51.096Z DEBUG 26230 --- [           main] org.hibernate.type.BasicTypeRegistry     : Adding type registration url -> org.hibernate.type.BasicTypeReference@c1e14f
2025-03-07T13:49:51.096Z DEBUG 26230 --- [           main] org.hibernate.type.BasicTypeRegistry     : Adding type registration java.net.URL -> org.hibernate.type.BasicTypeReference@c1e14f
2025-03-07T13:49:51.100Z DEBUG 26230 --- [           main] org.hibernate.type.BasicTypeRegistry     : Adding type registration vector -> org.hibernate.type.BasicTypeReference@226de93c
2025-03-07T13:49:51.100Z DEBUG 26230 --- [           main] org.hibernate.type.BasicTypeRegistry     : Adding type registration row_version -> org.hibernate.type.BasicTypeReference@72028a45
2025-03-07T13:49:51.107Z DEBUG 26230 --- [           main] org.hibernate.type.BasicTypeRegistry     : Adding type registration object -> org.hibernate.type.JavaObjectType@798deee8
2025-03-07T13:49:51.107Z DEBUG 26230 --- [           main] org.hibernate.type.BasicTypeRegistry     : Adding type registration java.lang.Object -> org.hibernate.type.JavaObjectType@798deee8
2025-03-07T13:49:51.109Z DEBUG 26230 --- [           main] org.hibernate.type.BasicTypeRegistry     : Adding type registration null -> org.hibernate.type.NullType@79ba0a6f
2025-03-07T13:49:51.110Z DEBUG 26230 --- [           main] org.hibernate.type.BasicTypeRegistry     : Adding type registration imm_date -> org.hibernate.type.BasicTypeReference@261de205
2025-03-07T13:49:51.110Z DEBUG 26230 --- [           main] org.hibernate.type.BasicTypeRegistry     : Adding type registration imm_time -> org.hibernate.type.BasicTypeReference@7f3fc42f
2025-03-07T13:49:51.110Z DEBUG 26230 --- [           main] org.hibernate.type.BasicTypeRegistry     : Adding type registration imm_timestamp -> org.hibernate.type.BasicTypeReference@25a1a012
2025-03-07T13:49:51.110Z DEBUG 26230 --- [           main] org.hibernate.type.BasicTypeRegistry     : Adding type registration imm_calendar -> org.hibernate.type.BasicTypeReference@ce12fbb
2025-03-07T13:49:51.110Z DEBUG 26230 --- [           main] org.hibernate.type.BasicTypeRegistry     : Adding type registration imm_calendar_date -> org.hibernate.type.BasicTypeReference@4525e9e8
2025-03-07T13:49:51.111Z DEBUG 26230 --- [           main] org.hibernate.type.BasicTypeRegistry     : Adding type registration imm_calendar_time -> org.hibernate.type.BasicTypeReference@443a53df
2025-03-07T13:49:51.113Z DEBUG 26230 --- [           main] org.hibernate.type.BasicTypeRegistry     : Adding type registration imm_binary -> org.hibernate.type.BasicTypeReference@6c33da7a
2025-03-07T13:49:51.113Z DEBUG 26230 --- [           main] org.hibernate.type.BasicTypeRegistry     : Adding type registration imm_serializable -> org.hibernate.type.BasicTypeReference@69aabcb0
2025-03-07T13:49:51.386Z  INFO 26230 --- [           main] o.s.o.j.p.SpringPersistenceUnitInfo      : No LoadTimeWeaver setup: ignoring JPA class transformer
2025-03-07T13:49:51.422Z  INFO 26230 --- [           main] com.zaxxer.hikari.HikariDataSource       : HikariPool-1 - Starting...
2025-03-07T13:49:51.910Z  INFO 26230 --- [           main] com.zaxxer.hikari.pool.HikariPool        : HikariPool-1 - Added connection com.mysql.cj.jdbc.ConnectionImpl@3eb9c575
2025-03-07T13:49:51.912Z  INFO 26230 --- [           main] com.zaxxer.hikari.HikariDataSource       : HikariPool-1 - Start completed.
2025-03-07T13:49:51.972Z  WARN 26230 --- [           main] org.hibernate.orm.deprecation            : HHH90000025: MySQL8Dialect does not need to be specified explicitly using 'hibernate.dialect' (remove the property setting and it will be selected by default)
2025-03-07T13:49:51.973Z  WARN 26230 --- [           main] org.hibernate.orm.deprecation            : HHH90000026: MySQL8Dialect has been deprecated; use org.hibernate.dialect.MySQLDialect instead
2025-03-07T13:49:51.998Z DEBUG 26230 --- [           main] o.h.t.d.sql.spi.DdlTypeRegistry          : addDescriptor(12, org.hibernate.type.descriptor.sql.internal.CapacityDependentDdlType@7440265c) replaced previous registration(org.hibernate.type.descriptor.sql.internal.CapacityDependentDdlType@1d8be7b9)
2025-03-07T13:49:51.999Z DEBUG 26230 --- [           main] o.h.t.d.sql.spi.DdlTypeRegistry          : addDescriptor(-9, org.hibernate.type.descriptor.sql.internal.CapacityDependentDdlType@48277712) replaced previous registration(org.hibernate.type.descriptor.sql.internal.CapacityDependentDdlType@3d53e876)
2025-03-07T13:49:51.999Z DEBUG 26230 --- [           main] o.h.t.d.sql.spi.DdlTypeRegistry          : addDescriptor(-3, org.hibernate.type.descriptor.sql.internal.CapacityDependentDdlType@48d44b46) replaced previous registration(org.hibernate.type.descriptor.sql.internal.CapacityDependentDdlType@aa0dbca)
2025-03-07T13:49:51.999Z DEBUG 26230 --- [           main] o.h.t.d.sql.spi.DdlTypeRegistry          : addDescriptor(4003, org.hibernate.type.descriptor.sql.internal.DdlTypeImpl@794cb26b) replaced previous registration(org.hibernate.type.descriptor.sql.internal.DdlTypeImpl@5b7ee56c)
2025-03-07T13:49:52.000Z DEBUG 26230 --- [           main] o.h.t.d.sql.spi.DdlTypeRegistry          : addDescriptor(4001, org.hibernate.type.descriptor.sql.internal.DdlTypeImpl@311a0b3e) replaced previous registration(org.hibernate.type.descriptor.sql.internal.DdlTypeImpl@3de8f85c)
2025-03-07T13:49:52.000Z DEBUG 26230 --- [           main] o.h.t.d.sql.spi.DdlTypeRegistry          : addDescriptor(4002, org.hibernate.type.descriptor.sql.internal.DdlTypeImpl@21abda60) replaced previous registration(org.hibernate.type.descriptor.sql.internal.DdlTypeImpl@dd20ebc)
2025-03-07T13:49:52.001Z DEBUG 26230 --- [           main] o.h.t.d.sql.spi.DdlTypeRegistry          : addDescriptor(2004, org.hibernate.type.descriptor.sql.internal.CapacityDependentDdlType@6c70b7c3) replaced previous registration(org.hibernate.type.descriptor.sql.internal.DdlTypeImpl@16a09809)
2025-03-07T13:49:52.001Z DEBUG 26230 --- [           main] o.h.t.d.sql.spi.DdlTypeRegistry          : addDescriptor(2005, org.hibernate.type.descriptor.sql.internal.CapacityDependentDdlType@69a73867) replaced previous registration(org.hibernate.type.descriptor.sql.internal.DdlTypeImpl@749d7c01)
2025-03-07T13:49:52.001Z DEBUG 26230 --- [           main] o.h.t.d.sql.spi.DdlTypeRegistry          : addDescriptor(2011, org.hibernate.type.descriptor.sql.internal.CapacityDependentDdlType@1d3a03fe) replaced previous registration(org.hibernate.type.descriptor.sql.internal.DdlTypeImpl@f48a080)
2025-03-07T13:49:52.003Z DEBUG 26230 --- [           main] o.h.t.d.jdbc.spi.JdbcTypeRegistry        : addDescriptor(NCharTypeDescriptor) replaced previous registration(CharTypeDescriptor)
2025-03-07T13:49:52.003Z DEBUG 26230 --- [           main] o.h.t.d.jdbc.spi.JdbcTypeRegistry        : addDescriptor(NVarcharTypeDescriptor) replaced previous registration(VarcharTypeDescriptor)
2025-03-07T13:49:52.003Z DEBUG 26230 --- [           main] o.h.t.d.jdbc.spi.JdbcTypeRegistry        : addDescriptor(LongNVarcharTypeDescriptor) replaced previous registration(LongVarcharTypeDescriptor)
2025-03-07T13:49:52.006Z DEBUG 26230 --- [           main] o.h.t.d.jdbc.spi.JdbcTypeRegistry        : addDescriptor(NClobTypeDescriptor(DEFAULT)) replaced previous registration(ClobTypeDescriptor(DEFAULT))
2025-03-07T13:49:52.006Z DEBUG 26230 --- [           main] o.h.t.d.jdbc.spi.JdbcTypeRegistry        : addDescriptor(2005, ClobTypeDescriptor(STREAM_BINDING)) replaced previous registration(ClobTypeDescriptor(DEFAULT))
2025-03-07T13:49:52.019Z DEBUG 26230 --- [           main] org.hibernate.type.BasicTypeRegistry     : Adding type registration null -> org.hibernate.type.NullType@f76872f
2025-03-07T13:49:52.019Z DEBUG 26230 --- [           main] org.hibernate.type.BasicTypeRegistry     : Type registration key [null] overrode previous entry : `org.hibernate.type.NullType@79ba0a6f`
2025-03-07T13:49:52.029Z DEBUG 26230 --- [           main] org.hibernate.type.BasicTypeRegistry     : Adding type registration org.hibernate.type.DurationType -> basicType@1(java.time.Duration,3015)
2025-03-07T13:49:52.029Z DEBUG 26230 --- [           main] org.hibernate.type.BasicTypeRegistry     : Adding type registration Duration -> basicType@1(java.time.Duration,3015)
2025-03-07T13:49:52.029Z DEBUG 26230 --- [           main] org.hibernate.type.BasicTypeRegistry     : Adding type registration java.time.Duration -> basicType@1(java.time.Duration,3015)
2025-03-07T13:49:52.039Z DEBUG 26230 --- [           main] org.hibernate.type.BasicTypeRegistry     : Adding type registration org.hibernate.type.OffsetDateTimeType -> basicType@2(java.time.OffsetDateTime,3003)
2025-03-07T13:49:52.039Z DEBUG 26230 --- [           main] org.hibernate.type.BasicTypeRegistry     : Adding type registration OffsetDateTime -> basicType@2(java.time.OffsetDateTime,3003)
2025-03-07T13:49:52.039Z DEBUG 26230 --- [           main] org.hibernate.type.BasicTypeRegistry     : Adding type registration java.time.OffsetDateTime -> basicType@2(java.time.OffsetDateTime,3003)
2025-03-07T13:49:52.039Z DEBUG 26230 --- [           main] org.hibernate.type.BasicTypeRegistry     : Adding type registration org.hibernate.type.ZonedDateTimeType -> basicType@3(java.time.ZonedDateTime,3003)
2025-03-07T13:49:52.039Z DEBUG 26230 --- [           main] org.hibernate.type.BasicTypeRegistry     : Adding type registration ZonedDateTime -> basicType@3(java.time.ZonedDateTime,3003)
2025-03-07T13:49:52.039Z DEBUG 26230 --- [           main] org.hibernate.type.BasicTypeRegistry     : Adding type registration java.time.ZonedDateTime -> basicType@3(java.time.ZonedDateTime,3003)
2025-03-07T13:49:52.042Z DEBUG 26230 --- [           main] org.hibernate.type.BasicTypeRegistry     : Adding type registration org.hibernate.type.OffsetTimeType -> basicType@4(java.time.OffsetTime,3007)
2025-03-07T13:49:52.042Z DEBUG 26230 --- [           main] org.hibernate.type.BasicTypeRegistry     : Adding type registration OffsetTime -> basicType@4(java.time.OffsetTime,3007)
2025-03-07T13:49:52.042Z DEBUG 26230 --- [           main] org.hibernate.type.BasicTypeRegistry     : Adding type registration java.time.OffsetTime -> basicType@4(java.time.OffsetTime,3007)
2025-03-07T13:49:52.045Z DEBUG 26230 --- [           main] o.h.type.spi.TypeConfiguration$Scope     : Scoping TypeConfiguration [org.hibernate.type.spi.TypeConfiguration@61ad30f6] to MetadataBuildingContext [org.hibernate.boot.internal.MetadataBuildingContextRootImpl@312f3050]
2025-03-07T13:49:53.111Z  INFO 26230 --- [           main] o.h.e.t.j.p.i.JtaPlatformInitiator       : HHH000489: No JTA platform available (set 'hibernate.transaction.jta.platform' to enable JTA platform integration)
2025-03-07T13:49:53.112Z DEBUG 26230 --- [           main] o.h.type.spi.TypeConfiguration$Scope     : Scoping TypeConfiguration [org.hibernate.type.spi.TypeConfiguration@61ad30f6] to SessionFactoryImplementor [org.hibernate.internal.SessionFactoryImpl@19540247]
2025-03-07T13:49:53.188Z TRACE 26230 --- [           main] o.h.type.spi.TypeConfiguration$Scope     : Handling #sessionFactoryCreated from [org.hibernate.internal.SessionFactoryImpl@19540247] for TypeConfiguration
2025-03-07T13:49:53.188Z  INFO 26230 --- [           main] j.LocalContainerEntityManagerFactoryBean : Initialized JPA EntityManagerFactory for persistence unit 'default'
2025-03-07T13:49:53.701Z  WARN 26230 --- [           main] JpaBaseConfiguration$JpaWebConfiguration : spring.jpa.open-in-view is enabled by default. Therefore, database queries may be performed during view rendering. Explicitly configure spring.jpa.open-in-view to disable this warning
2025-03-07T13:49:53.747Z  INFO 26230 --- [           main] o.s.b.a.w.s.WelcomePageHandlerMapping    : Adding welcome page template: index
2025-03-07T13:49:54.291Z  INFO 26230 --- [           main] pagination.sort.SortApplicationTests     : Started SortApplicationTests in 5.795 seconds (process running for 7.229)
]]></system-out>
  </testcase>
</testsuite>